<?xml version="1.0" encoding="UTF-8"?>
<!-- Generated by org.testng.reporters.JUnitXMLReporter -->
<testsuite ignored="0" hostname="Amruthas-MacBook-Air.local" failures="3" tests="6" name="Surefire test" time="9.962" errors="0" timestamp="2025-09-15T15:14:30 IST">
  <testcase classname="api.test.UserTests" name="testPostUser" time="2.635"/>
  <testcase classname="api.test.UserTests" name="testGetUserByName" time="1.888"/>
  <testcase classname="api.test.UserTests" name="testUpdateUserByName" time="3.386"/>
  <testcase classname="api.test.UserTests" name="testDeleteUserByName" time="1.633">
    <failure type="java.lang.AssertionError" message="expected:&amp;lt;404&amp;gt; but was:&amp;lt;200&amp;gt;">
      <![CDATA[java.lang.AssertionError: expected:<404> but was:<200>
at api.test.UserTests.testDeleteUserByName(UserTests.java:90)
at java.base/java.util.ArrayList.forEach(ArrayList.java:1596)
... Removed 35 stack frames]]>
    </failure>
  </testcase> <!-- testDeleteUserByName -->
  <testcase classname="api.test.DataDrivenTests" name="testPostUser" time="0.0">
    <failure type="java.lang.RuntimeException" message="java.lang.NoSuchMethodError: &amp;apos;org.apache.logging.log4j.LogBuilder org.apache.logging.log4j.Logger.atDebug()&amp;apos;">
      <![CDATA[java.lang.RuntimeException: java.lang.NoSuchMethodError: 'org.apache.logging.log4j.LogBuilder org.apache.logging.log4j.Logger.atDebug()'
at java.base/java.util.ArrayList.forEach(ArrayList.java:1596)
Caused by: java.lang.NoSuchMethodError: 'org.apache.logging.log4j.LogBuilder org.apache.logging.log4j.Logger.atDebug()'
at org.apache.poi.openxml4j.opc.PackageRelationshipCollection.parseRelationshipsPart(PackageRelationshipCollection.java:307)
at org.apache.poi.openxml4j.opc.PackageRelationshipCollection.<init>(PackageRelationshipCollection.java:155)
at org.apache.poi.openxml4j.opc.PackageRelationshipCollection.<init>(PackageRelationshipCollection.java:125)
at org.apache.poi.openxml4j.opc.PackagePart.loadRelationships(PackagePart.java:565)
at org.apache.poi.openxml4j.opc.OPCPackage.getParts(OPCPackage.java:952)
at org.apache.poi.openxml4j.opc.OPCPackage.open(OPCPackage.java:523)
at org.apache.poi.openxml4j.opc.OPCPackage.open(OPCPackage.java:490)
at org.apache.poi.ooxml.util.PackageHelper.open(PackageHelper.java:67)
at org.apache.poi.xssf.usermodel.XSSFWorkbook.<init>(XSSFWorkbook.java:315)
at org.apache.poi.xssf.usermodel.XSSFWorkbook.<init>(XSSFWorkbook.java:289)
at api.utilities.ExcelUtility.getRowCount(ExcelUtility.java:37)
at api.utilities.DataProviders.getAllData(DataProviders.java:15)
... 30 more
... Removed 35 stack frames]]>
    </failure>
  </testcase> <!-- testPostUser -->
  <testcase classname="api.test.DataDrivenTests" name="testDeleteUserByName" time="0.0">
    <failure type="java.lang.RuntimeException" message="java.lang.NoSuchMethodError: &amp;apos;org.apache.logging.log4j.LogBuilder org.apache.logging.log4j.Logger.atDebug()&amp;apos;">
      <![CDATA[java.lang.RuntimeException: java.lang.NoSuchMethodError: 'org.apache.logging.log4j.LogBuilder org.apache.logging.log4j.Logger.atDebug()'
at java.base/java.util.ArrayList.forEach(ArrayList.java:1596)
Caused by: java.lang.NoSuchMethodError: 'org.apache.logging.log4j.LogBuilder org.apache.logging.log4j.Logger.atDebug()'
at org.apache.poi.openxml4j.opc.PackageRelationshipCollection.parseRelationshipsPart(PackageRelationshipCollection.java:307)
at org.apache.poi.openxml4j.opc.PackageRelationshipCollection.<init>(PackageRelationshipCollection.java:155)
at org.apache.poi.openxml4j.opc.PackageRelationshipCollection.<init>(PackageRelationshipCollection.java:125)
at org.apache.poi.openxml4j.opc.PackagePart.loadRelationships(PackagePart.java:565)
at org.apache.poi.openxml4j.opc.OPCPackage.getParts(OPCPackage.java:952)
at org.apache.poi.openxml4j.opc.OPCPackage.open(OPCPackage.java:523)
at org.apache.poi.openxml4j.opc.OPCPackage.open(OPCPackage.java:490)
at org.apache.poi.ooxml.util.PackageHelper.open(PackageHelper.java:67)
at org.apache.poi.xssf.usermodel.XSSFWorkbook.<init>(XSSFWorkbook.java:315)
at org.apache.poi.xssf.usermodel.XSSFWorkbook.<init>(XSSFWorkbook.java:289)
at api.utilities.ExcelUtility.getRowCount(ExcelUtility.java:37)
at api.utilities.DataProviders.getUserNames(DataProviders.java:34)
... 30 more
... Removed 35 stack frames]]>
    </failure>
  </testcase> <!-- testDeleteUserByName -->
</testsuite> <!-- Surefire test -->
