<?xml version="1.0" encoding="UTF-8"?>
<!-- Generated by org.testng.reporters.JUnitXMLReporter -->
<testsuite ignored="0" hostname="Amruthas-MacBook-Air.local" failures="0" tests="6" name="Default test" time="12.514" errors="0" timestamp="2025-09-15T11:51:40 IST">
  <testcase classname="api.test.DataDrivenTests" name="testPostUser" time="2.575"/>
  <testcase classname="api.test.DataDrivenTests" name="testPostUser" time="1.773"/>
  <testcase classname="api.test.DataDrivenTests" name="testPostUser" time="1.946"/>
  <testcase classname="api.test.DataDrivenTests" name="testDeleteUserByName" time="1.892"/>
  <testcase classname="api.test.DataDrivenTests" name="testDeleteUserByName" time="1.941"/>
  <testcase classname="api.test.DataDrivenTests" name="testDeleteUserByName" time="1.84"/>
</testsuite> <!-- Default test -->
