<?xml version="1.0" encoding="UTF-8"?>
<!-- Generated by org.testng.reporters.JUnitXMLReporter -->
<testsuite ignored="0" hostname="Amruthas-MacBook-Air.local" failures="1" tests="4" name="PetTests" time="11.65" errors="0" timestamp="2025-09-15T15:24:41 IST">
  <testcase classname="api.test.UserTests2" name="testPostUser" time="2.871"/>
  <testcase classname="api.test.UserTests2" name="testGetUserByName" time="1.951">
    <failure type="java.lang.AssertionError" message="expected:&amp;lt;404&amp;gt; but was:&amp;lt;200&amp;gt;">
      <![CDATA[java.lang.AssertionError: expected:<404> but was:<200>
at api.test.UserTests2.testGetUserByName(UserTests2.java:60)
at java.base/java.util.ArrayList.forEach(ArrayList.java:1604)
... Removed 34 stack frames]]>
    </failure>
  </testcase> <!-- testGetUserByName -->
  <testcase classname="api.test.UserTests2" name="testUpdateUserByName" time="4.54"/>
  <testcase classname="api.test.UserTests2" name="testDeleteUserByName" time="1.884"/>
</testsuite> <!-- PetTests -->
